<?xml version="1.0" encoding="UTF-8"?>
<!-- Generated by org.testng.reporters.JUnitXMLReporter -->
<testsuite hostname="PablitoPC.local" ignored="0" name="UiTests" tests="3" failures="2" timestamp="2019-09-19T16:17:34 ART" time="0.23" errors="0">
  <testcase name="third_test" time="0.077" classname="UiTests.TestContactUs"/>
  <testcase name="second_test" time="0.107" classname="UiTests.TestContactUs">
    <failure type="java.lang.NullPointerException">
      <![CDATA[java.lang.NullPointerException
at java.util.Objects.requireNonNull(Objects.java:203)
at org.openqa.selenium.support.ui.FluentWait.<init>(FluentWait.java:106)
at org.openqa.selenium.support.ui.WebDriverWait.<init>(WebDriverWait.java:85)
at org.openqa.selenium.support.ui.WebDriverWait.<init>(WebDriverWait.java:45)
at UiElements.UiElement.<init>(UiElement.java:27)
at WebObjects.Fragments.Header.<init>(Header.java:10)
at WebObjects.Pages.BasePage.<init>(BasePage.java:7)
at WebObjects.Pages.HomePage.<init>(HomePage.java:8)
at UiTests.TestContactUs.second_test(TestContactUs.java:38)
at java.util.concurrent.ThreadPoolExecutor.runWorker(ThreadPoolExecutor.java:1149)
at java.util.concurrent.ThreadPoolExecutor$Worker.run(ThreadPoolExecutor.java:624)
at java.lang.Thread.run(Thread.java:748)
... Removed 12 stack frames]]>
    </failure>
  </testcase> <!-- second_test -->
  <testcase name="first_test" time="0.107" classname="UiTests.TestContactUs">
    <failure type="java.lang.NullPointerException">
      <![CDATA[java.lang.NullPointerException
at java.util.Objects.requireNonNull(Objects.java:203)
at org.openqa.selenium.support.ui.FluentWait.<init>(FluentWait.java:106)
at org.openqa.selenium.support.ui.WebDriverWait.<init>(WebDriverWait.java:85)
at org.openqa.selenium.support.ui.WebDriverWait.<init>(WebDriverWait.java:45)
at UiElements.UiElement.<init>(UiElement.java:27)
at WebObjects.Fragments.Header.<init>(Header.java:10)
at WebObjects.Pages.BasePage.<init>(BasePage.java:7)
at WebObjects.Pages.HomePage.<init>(HomePage.java:8)
at UiTests.TestContactUs.first_test(TestContactUs.java:23)
at java.util.concurrent.ThreadPoolExecutor.runWorker(ThreadPoolExecutor.java:1149)
at java.util.concurrent.ThreadPoolExecutor$Worker.run(ThreadPoolExecutor.java:624)
at java.lang.Thread.run(Thread.java:748)
... Removed 12 stack frames]]>
    </failure>
  </testcase> <!-- first_test -->
</testsuite> <!-- UiTests -->
