<?xml version="1.0" encoding="UTF-8"?>
<testng-results skipped="0" failed="2" ignored="0" total="5" passed="3">
  <reporter-output>
  </reporter-output>
  <suite name="TestSuite" duration-ms="15204" started-at="2019-09-19T16:17:34 ART" finished-at="2019-09-19T16:17:49 ART">
    <groups>
    </groups>
    <test name="UiTests" duration-ms="230" started-at="2019-09-19T16:17:34 ART" finished-at="2019-09-19T16:17:34 ART">
      <class name="UiTests.TestContactUs">
        <test-method status="PASS" signature="third_test()[pri:0, instance:UiTests.TestContactUs@b7f23d9]" name="third_test" duration-ms="77" started-at="2019-09-19T16:17:34 ART" finished-at="2019-09-19T16:17:34 ART">
          <reporter-output>
          </reporter-output>
        </test-method> <!-- third_test -->
        <test-method status="FAIL" signature="second_test()[pri:0, instance:UiTests.TestContactUs@b7f23d9]" name="second_test" duration-ms="107" started-at="2019-09-19T16:17:34 ART" finished-at="2019-09-19T16:17:34 ART">
          <exception class="java.lang.NullPointerException">
            <full-stacktrace>
              <![CDATA[java.lang.NullPointerException
at java.util.Objects.requireNonNull(Objects.java:203)
at org.openqa.selenium.support.ui.FluentWait.<init>(FluentWait.java:106)
at org.openqa.selenium.support.ui.WebDriverWait.<init>(WebDriverWait.java:85)
at org.openqa.selenium.support.ui.WebDriverWait.<init>(WebDriverWait.java:45)
at UiElements.UiElement.<init>(UiElement.java:27)
at WebObjects.Fragments.Header.<init>(Header.java:10)
at WebObjects.Pages.BasePage.<init>(BasePage.java:7)
at WebObjects.Pages.HomePage.<init>(HomePage.java:8)
at UiTests.TestContactUs.second_test(TestContactUs.java:38)
at sun.reflect.NativeMethodAccessorImpl.invoke0(Native Method)
at sun.reflect.NativeMethodAccessorImpl.invoke(NativeMethodAccessorImpl.java:62)
at sun.reflect.DelegatingMethodAccessorImpl.invoke(DelegatingMethodAccessorImpl.java:43)
at java.lang.reflect.Method.invoke(Method.java:498)
at org.testng.internal.MethodInvocationHelper.invokeMethod(MethodInvocationHelper.java:133)
at org.testng.internal.TestInvoker.invokeMethod(TestInvoker.java:584)
at org.testng.internal.TestInvoker.invokeTestMethod(TestInvoker.java:172)
at org.testng.internal.MethodRunner.runInSequence(MethodRunner.java:46)
at org.testng.internal.TestInvoker$MethodInvocationAgent.invoke(TestInvoker.java:804)
at org.testng.internal.TestInvoker.invokeTestMethods(TestInvoker.java:145)
at org.testng.internal.TestMethodWorker.invokeTestMethods(TestMethodWorker.java:146)
at org.testng.internal.TestMethodWorker.run(TestMethodWorker.java:128)
at java.util.concurrent.ThreadPoolExecutor.runWorker(ThreadPoolExecutor.java:1149)
at java.util.concurrent.ThreadPoolExecutor$Worker.run(ThreadPoolExecutor.java:624)
at java.lang.Thread.run(Thread.java:748)
]]>
            </full-stacktrace>
          </exception> <!-- java.lang.NullPointerException -->
          <reporter-output>
          </reporter-output>
        </test-method> <!-- second_test -->
        <test-method status="FAIL" signature="first_test()[pri:0, instance:UiTests.TestContactUs@b7f23d9]" name="first_test" duration-ms="107" started-at="2019-09-19T16:17:34 ART" finished-at="2019-09-19T16:17:34 ART">
          <exception class="java.lang.NullPointerException">
            <full-stacktrace>
              <![CDATA[java.lang.NullPointerException
at java.util.Objects.requireNonNull(Objects.java:203)
at org.openqa.selenium.support.ui.FluentWait.<init>(FluentWait.java:106)
at org.openqa.selenium.support.ui.WebDriverWait.<init>(WebDriverWait.java:85)
at org.openqa.selenium.support.ui.WebDriverWait.<init>(WebDriverWait.java:45)
at UiElements.UiElement.<init>(UiElement.java:27)
at WebObjects.Fragments.Header.<init>(Header.java:10)
at WebObjects.Pages.BasePage.<init>(BasePage.java:7)
at WebObjects.Pages.HomePage.<init>(HomePage.java:8)
at UiTests.TestContactUs.first_test(TestContactUs.java:23)
at sun.reflect.NativeMethodAccessorImpl.invoke0(Native Method)
at sun.reflect.NativeMethodAccessorImpl.invoke(NativeMethodAccessorImpl.java:62)
at sun.reflect.DelegatingMethodAccessorImpl.invoke(DelegatingMethodAccessorImpl.java:43)
at java.lang.reflect.Method.invoke(Method.java:498)
at org.testng.internal.MethodInvocationHelper.invokeMethod(MethodInvocationHelper.java:133)
at org.testng.internal.TestInvoker.invokeMethod(TestInvoker.java:584)
at org.testng.internal.TestInvoker.invokeTestMethod(TestInvoker.java:172)
at org.testng.internal.MethodRunner.runInSequence(MethodRunner.java:46)
at org.testng.internal.TestInvoker$MethodInvocationAgent.invoke(TestInvoker.java:804)
at org.testng.internal.TestInvoker.invokeTestMethods(TestInvoker.java:145)
at org.testng.internal.TestMethodWorker.invokeTestMethods(TestMethodWorker.java:146)
at org.testng.internal.TestMethodWorker.run(TestMethodWorker.java:128)
at java.util.concurrent.ThreadPoolExecutor.runWorker(ThreadPoolExecutor.java:1149)
at java.util.concurrent.ThreadPoolExecutor$Worker.run(ThreadPoolExecutor.java:624)
at java.lang.Thread.run(Thread.java:748)
]]>
            </full-stacktrace>
          </exception> <!-- java.lang.NullPointerException -->
          <reporter-output>
          </reporter-output>
        </test-method> <!-- first_test -->
      </class> <!-- UiTests.TestContactUs -->
    </test> <!-- UiTests -->
    <test name="API Tests" duration-ms="2266" started-at="2019-09-19T16:17:34 ART" finished-at="2019-09-19T16:17:36 ART">
      <class name="APITests.ExampleAPITest">
        <test-method status="PASS" signature="testAPIExample()[pri:0, instance:APITests.ExampleAPITest@6279cee3]" name="testAPIExample" duration-ms="2263" started-at="2019-09-19T16:17:34 ART" finished-at="2019-09-19T16:17:36 ART">
          <reporter-output>
          </reporter-output>
        </test-method> <!-- testAPIExample -->
      </class> <!-- APITests.ExampleAPITest -->
    </test> <!-- API Tests -->
    <test name="Integration Tests" duration-ms="12656" started-at="2019-09-19T16:17:36 ART" finished-at="2019-09-19T16:17:49 ART">
      <class name="IntegrationTests.IntegrationExample">
        <test-method status="PASS" signature="setUp()[pri:0, instance:IntegrationTests.IntegrationExample@8b96fde]" name="setUp" is-config="true" duration-ms="2127" started-at="2019-09-19T16:17:36 ART" finished-at="2019-09-19T16:17:39 ART">
          <reporter-output>
          </reporter-output>
        </test-method> <!-- setUp -->
        <test-method status="PASS" signature="test_integration()[pri:0, instance:IntegrationTests.IntegrationExample@8b96fde]" name="test_integration" duration-ms="10408" started-at="2019-09-19T16:17:39 ART" finished-at="2019-09-19T16:17:49 ART">
          <reporter-output>
          </reporter-output>
        </test-method> <!-- test_integration -->
        <test-method status="PASS" signature="tearDown()[pri:0, instance:IntegrationTests.IntegrationExample@8b96fde]" name="tearDown" is-config="true" duration-ms="109" started-at="2019-09-19T16:17:49 ART" finished-at="2019-09-19T16:17:49 ART">
          <reporter-output>
          </reporter-output>
        </test-method> <!-- tearDown -->
      </class> <!-- IntegrationTests.IntegrationExample -->
    </test> <!-- Integration Tests -->
  </suite> <!-- TestSuite -->
</testng-results>
